2000.05.11 18:49 B D:\Devt\firestorm.www\cms\add contacts to letter.gif --> ftp.proxy.com /u1/home/reg/www/rites/cms add contacts to letter.gif
2000.05.11 18:49 B D:\Devt\firestorm.www\cms\add contacts to letter.text --> ftp.proxy.com /u1/home/reg/www/rites/cms add contacts to letter.text
2000.05.11 18:49 B D:\Devt\firestorm.www\cms\apply tag.gif --> ftp.proxy.com /u1/home/reg/www/rites/cms apply tag.gif
2000.05.11 18:49 B D:\Devt\firestorm.www\cms\apply tag.text --> ftp.proxy.com /u1/home/reg/www/rites/cms apply tag.text
2000.05.11 18:49 B D:\Devt\firestorm.www\cms\cms-factored-im. (6_25_98)-1 --> ftp.proxy.com /u1/home/reg/www/rites/cms cms-factored-im. (6_25_98)-1
2000.05.11 18:49 B D:\Devt\firestorm.www\cms\cms-factored-im. (6_26_98)-1 --> ftp.proxy.com /u1/home/reg/www/rites/cms cms-factored-im. (6_26_98)-1
2000.05.11 18:49 B D:\Devt\firestorm.www\cms\cms-factored-image.shtml --> ftp.proxy.com /u1/home/reg/www/rites/cms cms-factored-image.shtml
2000.05.11 18:49 B D:\Devt\firestorm.www\cms\cms-factored.sh. (6_25_98)-1 --> ftp.proxy.com /u1/home/reg/www/rites/cms cms-factored.sh. (6_25_98)-1
2000.05.11 18:49 B D:\Devt\firestorm.www\cms\cms-factored.sh. (6_26_98)-1 --> ftp.proxy.com /u1/home/reg/www/rites/cms cms-factored.sh. (6_26_98)-1
2000.05.11 18:49 B D:\Devt\firestorm.www\cms\cms-factored.shtml --> ftp.proxy.com /u1/home/reg/www/rites/cms cms-factored.shtml
2000.05.11 18:49 B D:\Devt\firestorm.www\cms\edit tag.gif --> ftp.proxy.com /u1/home/reg/www/rites/cms edit tag.gif
2000.05.11 18:49 B D:\Devt\firestorm.www\cms\edit tag.html --> ftp.proxy.com /u1/home/reg/www/rites/cms edit tag.html
2000.05.11 18:49 B D:\Devt\firestorm.www\cms\offline prefs.gif --> ftp.proxy.com /u1/home/reg/www/rites/cms offline prefs.gif
2000.05.11 18:49 B D:\Devt\firestorm.www\cms\offline prefs.text --> ftp.proxy.com /u1/home/reg/www/rites/cms offline prefs.text
2000.05.11 18:49 B D:\Devt\firestorm.www\cms\personalization.gif --> ftp.proxy.com /u1/home/reg/www/rites/cms personalization.gif
2000.05.11 18:49 B D:\Devt\firestorm.www\cms\personalization.html --> ftp.proxy.com /u1/home/reg/www/rites/cms personalization.html
2000.05.11 18:49 B D:\Devt\firestorm.www\cms\print letter dialog.gif --> ftp.proxy.com /u1/home/reg/www/rites/cms print letter dialog.gif
2000.05.11 18:49 B D:\Devt\firestorm.www\cms\print letter dialog.text --> ftp.proxy.com /u1/home/reg/www/rites/cms print letter dialog.text
2000.05.11 18:49 B D:\Devt\firestorm.www\cms\send letter by fax.gif --> ftp.proxy.com /u1/home/reg/www/rites/cms send letter by fax.gif
2000.05.11 18:49 B D:\Devt\firestorm.www\cms\send letter by fax.text --> ftp.proxy.com /u1/home/reg/www/rites/cms send letter by fax.text
2000.05.11 18:49 B D:\Devt\firestorm.www\cms\smart email dialog.gif --> ftp.proxy.com /u1/home/reg/www/rites/cms smart email dialog.gif
2000.05.11 18:49 B D:\Devt\firestorm.www\cms\smart email dialog.text --> ftp.proxy.com /u1/home/reg/www/rites/cms smart email dialog.text
2000.05.11 18:49 B D:\Devt\firestorm.www\cms\snapshot.lisp --> ftp.proxy.com /u1/home/reg/www/rites/cms snapshot.lisp
2000.05.11 18:49 B D:\Devt\firestorm.www\cms\write file menu.gif --> ftp.proxy.com /u1/home/reg/www/rites/cms write file menu.gif
2000.05.11 18:49 B D:\Devt\firestorm.www\cms\write file menu.text --> ftp.proxy.com /u1/home/reg/www/rites/cms write file menu.text
2000.06.20 10:09 B D:\Devt\firestorm.www\cms\add contacts to letter.gif --> ftp.proxy.net /u1/home/reg/private/firestorm.www/cms add contacts to letter.gif
2000.06.20 10:09 B D:\Devt\firestorm.www\cms\add contacts to letter.text --> ftp.proxy.net /u1/home/reg/private/firestorm.www/cms add contacts to letter.text
2000.06.20 10:09 B D:\Devt\firestorm.www\cms\apply tag.gif --> ftp.proxy.net /u1/home/reg/private/firestorm.www/cms apply tag.gif
2000.06.20 10:09 B D:\Devt\firestorm.www\cms\apply tag.text --> ftp.proxy.net /u1/home/reg/private/firestorm.www/cms apply tag.text
2000.06.20 10:09 B D:\Devt\firestorm.www\cms\cms-factored-im. (6_25_98)-1 --> ftp.proxy.net /u1/home/reg/private/firestorm.www/cms cms-factored-im. (6_25_98)-1
2000.06.20 10:09 B D:\Devt\firestorm.www\cms\cms-factored-im. (6_26_98)-1 --> ftp.proxy.net /u1/home/reg/private/firestorm.www/cms cms-factored-im. (6_26_98)-1
2000.06.20 10:09 B D:\Devt\firestorm.www\cms\cms-factored-image.shtml --> ftp.proxy.net /u1/home/reg/private/firestorm.www/cms cms-factored-image.shtml
2000.06.20 10:09 B D:\Devt\firestorm.www\cms\cms-factored.sh. (6_25_98)-1 --> ftp.proxy.net /u1/home/reg/private/firestorm.www/cms cms-factored.sh. (6_25_98)-1
2000.06.20 10:09 B D:\Devt\firestorm.www\cms\cms-factored.sh. (6_26_98)-1 --> ftp.proxy.net /u1/home/reg/private/firestorm.www/cms cms-factored.sh. (6_26_98)-1
2000.06.20 10:09 B D:\Devt\firestorm.www\cms\cms-factored.shtml --> ftp.proxy.net /u1/home/reg/private/firestorm.www/cms cms-factored.shtml
2000.06.20 10:09 B D:\Devt\firestorm.www\cms\edit tag.gif --> ftp.proxy.net /u1/home/reg/private/firestorm.www/cms edit tag.gif
2000.06.20 10:09 B D:\Devt\firestorm.www\cms\edit tag.html --> ftp.proxy.net /u1/home/reg/private/firestorm.www/cms edit tag.html
2000.06.20 10:09 B D:\Devt\firestorm.www\cms\offline prefs.gif --> ftp.proxy.net /u1/home/reg/private/firestorm.www/cms offline prefs.gif
2000.06.20 10:09 B D:\Devt\firestorm.www\cms\offline prefs.text --> ftp.proxy.net /u1/home/reg/private/firestorm.www/cms offline prefs.text
2000.06.20 10:09 B D:\Devt\firestorm.www\cms\personalization.gif --> ftp.proxy.net /u1/home/reg/private/firestorm.www/cms personalization.gif
2000.06.20 10:09 B D:\Devt\firestorm.www\cms\personalization.html --> ftp.proxy.net /u1/home/reg/private/firestorm.www/cms personalization.html
2000.06.20 10:09 B D:\Devt\firestorm.www\cms\print letter dialog.gif --> ftp.proxy.net /u1/home/reg/private/firestorm.www/cms print letter dialog.gif
2000.06.20 10:09 B D:\Devt\firestorm.www\cms\print letter dialog.text --> ftp.proxy.net /u1/home/reg/private/firestorm.www/cms print letter dialog.text
2000.06.20 10:09 B D:\Devt\firestorm.www\cms\send letter by fax.gif --> ftp.proxy.net /u1/home/reg/private/firestorm.www/cms send letter by fax.gif
2000.06.20 10:09 B D:\Devt\firestorm.www\cms\send letter by fax.text --> ftp.proxy.net /u1/home/reg/private/firestorm.www/cms send letter by fax.text
2000.06.20 10:09 B D:\Devt\firestorm.www\cms\smart email dialog.gif --> ftp.proxy.net /u1/home/reg/private/firestorm.www/cms smart email dialog.gif
2000.06.20 10:09 B D:\Devt\firestorm.www\cms\smart email dialog.text --> ftp.proxy.net /u1/home/reg/private/firestorm.www/cms smart email dialog.text
2000.06.20 10:09 B D:\Devt\firestorm.www\cms\snapshot.lisp --> ftp.proxy.net /u1/home/reg/private/firestorm.www/cms snapshot.lisp
2000.06.20 10:09 B D:\Devt\firestorm.www\cms\write file menu.gif --> ftp.proxy.net /u1/home/reg/private/firestorm.www/cms write file menu.gif
2000.06.20 10:09 B D:\Devt\firestorm.www\cms\write file menu.text --> ftp.proxy.net /u1/home/reg/private/firestorm.www/cms write file menu.text
